<?xml version="1.0" encoding="UTF-8"?>
<testsuite xmlns:xsi="http://www.w3.org/2001/XMLSchema-instance" xsi:noNamespaceSchemaLocation="https://maven.apache.org/surefire/maven-surefire-plugin/xsd/surefire-test-report-3.0.xsd" version="3.0" name="TestSuite" time="41.255" tests="12" errors="0" skipped="11" failures="1">
  <properties>
    <property name="java.specification.version" value="17"/>
    <property name="sun.cpu.isalist" value="amd64"/>
    <property name="sun.jnu.encoding" value="Cp1252"/>
    <property name="sun.awt.enableExtraMouseButtons" value="true"/>
    <property name="java.class.path" value="C:\code\Flairdocs1\target\test-classes;C:\code\Flairdocs1\target\classes;C:\Users\Dell\.m2\repository\org\apache\poi\poi\4.1.1\poi-4.1.1.jar;C:\Users\Dell\.m2\repository\commons-codec\commons-codec\1.13\commons-codec-1.13.jar;C:\Users\Dell\.m2\repository\org\apache\commons\commons-collections4\4.4\commons-collections4-4.4.jar;C:\Users\Dell\.m2\repository\org\apache\commons\commons-math3\3.6.1\commons-math3-3.6.1.jar;C:\Users\Dell\.m2\repository\org\apache\poi\poi-ooxml\4.1.1\poi-ooxml-4.1.1.jar;C:\Users\Dell\.m2\repository\org\apache\commons\commons-compress\1.19\commons-compress-1.19.jar;C:\Users\Dell\.m2\repository\com\github\virtuald\curvesapi\1.06\curvesapi-1.06.jar;C:\Users\Dell\.m2\repository\dom4j\dom4j\1.6.1\dom4j-1.6.1.jar;C:\Users\Dell\.m2\repository\xml-apis\xml-apis\1.0.b2\xml-apis-1.0.b2.jar;C:\Users\Dell\.m2\repository\com\google\guava\guava\31.1-jre\guava-31.1-jre.jar;C:\Users\Dell\.m2\repository\com\google\guava\failureaccess\1.0.1\failureaccess-1.0.1.jar;C:\Users\Dell\.m2\repository\com\google\guava\listenablefuture\9999.0-empty-to-avoid-conflict-with-guava\listenablefuture-9999.0-empty-to-avoid-conflict-with-guava.jar;C:\Users\Dell\.m2\repository\com\google\code\findbugs\jsr305\3.0.2\jsr305-3.0.2.jar;C:\Users\Dell\.m2\repository\org\checkerframework\checker-qual\3.12.0\checker-qual-3.12.0.jar;C:\Users\Dell\.m2\repository\com\google\errorprone\error_prone_annotations\2.11.0\error_prone_annotations-2.11.0.jar;C:\Users\Dell\.m2\repository\com\google\j2objc\j2objc-annotations\1.3\j2objc-annotations-1.3.jar;C:\Users\Dell\.m2\repository\org\apache\xmlbeans\xmlbeans\3.1.0\xmlbeans-3.1.0.jar;C:\Users\Dell\.m2\repository\org\apache\poi\poi-ooxml-schemas\4.1.1\poi-ooxml-schemas-4.1.1.jar;C:\Users\Dell\.m2\repository\org\testng\testng\6.14.3\testng-6.14.3.jar;C:\Users\Dell\.m2\repository\com\beust\jcommander\1.72\jcommander-1.72.jar;C:\Users\Dell\.m2\repository\org\apache-extras\beanshell\bsh\2.0b6\bsh-2.0b6.jar;C:\Users\Dell\.m2\repository\com\sun\mail\javax.mail\1.6.2\javax.mail-1.6.2.jar;C:\Users\Dell\.m2\repository\javax\activation\activation\1.1\activation-1.1.jar;C:\Users\Dell\.m2\repository\mysql\mysql-connector-java\8.0.30\mysql-connector-java-8.0.30.jar;C:\Users\Dell\.m2\repository\com\google\protobuf\protobuf-java\3.19.4\protobuf-java-3.19.4.jar;C:\Users\Dell\.m2\repository\log4j\log4j\1.2.17\log4j-1.2.17.jar;C:\Users\Dell\.m2\repository\com\microsoft\playwright\playwright\1.25.0\playwright-1.25.0.jar;C:\Users\Dell\.m2\repository\com\google\code\gson\gson\2.8.9\gson-2.8.9.jar;C:\Users\Dell\.m2\repository\org\opentest4j\opentest4j\1.2.0\opentest4j-1.2.0.jar;C:\Users\Dell\.m2\repository\com\microsoft\playwright\driver\1.25.0\driver-1.25.0.jar;C:\Users\Dell\.m2\repository\com\microsoft\playwright\driver-bundle\1.25.0\driver-bundle-1.25.0.jar;C:\Users\Dell\.m2\repository\com\aventstack\extentreports\5.0.9\extentreports-5.0.9.jar;C:\Users\Dell\.m2\repository\io\reactivex\rxjava3\rxjava\3.0.4\rxjava-3.0.4.jar;C:\Users\Dell\.m2\repository\org\reactivestreams\reactive-streams\1.0.3\reactive-streams-1.0.3.jar;C:\Users\Dell\.m2\repository\org\freemarker\freemarker\2.3.30\freemarker-2.3.30.jar;C:\Users\Dell\.m2\repository\org\projectlombok\lombok\1.18.32\lombok-1.18.32.jar;"/>
    <property name="java.vm.vendor" value="Oracle Corporation"/>
    <property name="sun.arch.data.model" value="64"/>
    <property name="user.variant" value=""/>
    <property name="java.vendor.url" value="https://java.oracle.com/"/>
    <property name="user.timezone" value="Asia/Calcutta"/>
    <property name="os.name" value="Windows 11"/>
    <property name="java.vm.specification.version" value="17"/>
    <property name="sun.java.launcher" value="SUN_STANDARD"/>
    <property name="user.country" value="US"/>
    <property name="sun.boot.library.path" value="C:\Program Files\Java\jdk-17\bin"/>
    <property name="sun.java.command" value="C:\Users\Dell\AppData\Local\Temp\surefire17915786966407740951\surefirebooter-20250724160650068_3.jar C:\Users\Dell\AppData\Local\Temp\surefire17915786966407740951 2025-07-24T16-06-49_925-jvmRun1 surefire-20250724160650068_1tmp surefire_0-20250724160650068_2tmp"/>
    <property name="jdk.debug" value="release"/>
    <property name="surefire.test.class.path" value="C:\code\Flairdocs1\target\test-classes;C:\code\Flairdocs1\target\classes;C:\Users\Dell\.m2\repository\org\apache\poi\poi\4.1.1\poi-4.1.1.jar;C:\Users\Dell\.m2\repository\commons-codec\commons-codec\1.13\commons-codec-1.13.jar;C:\Users\Dell\.m2\repository\org\apache\commons\commons-collections4\4.4\commons-collections4-4.4.jar;C:\Users\Dell\.m2\repository\org\apache\commons\commons-math3\3.6.1\commons-math3-3.6.1.jar;C:\Users\Dell\.m2\repository\org\apache\poi\poi-ooxml\4.1.1\poi-ooxml-4.1.1.jar;C:\Users\Dell\.m2\repository\org\apache\commons\commons-compress\1.19\commons-compress-1.19.jar;C:\Users\Dell\.m2\repository\com\github\virtuald\curvesapi\1.06\curvesapi-1.06.jar;C:\Users\Dell\.m2\repository\dom4j\dom4j\1.6.1\dom4j-1.6.1.jar;C:\Users\Dell\.m2\repository\xml-apis\xml-apis\1.0.b2\xml-apis-1.0.b2.jar;C:\Users\Dell\.m2\repository\com\google\guava\guava\31.1-jre\guava-31.1-jre.jar;C:\Users\Dell\.m2\repository\com\google\guava\failureaccess\1.0.1\failureaccess-1.0.1.jar;C:\Users\Dell\.m2\repository\com\google\guava\listenablefuture\9999.0-empty-to-avoid-conflict-with-guava\listenablefuture-9999.0-empty-to-avoid-conflict-with-guava.jar;C:\Users\Dell\.m2\repository\com\google\code\findbugs\jsr305\3.0.2\jsr305-3.0.2.jar;C:\Users\Dell\.m2\repository\org\checkerframework\checker-qual\3.12.0\checker-qual-3.12.0.jar;C:\Users\Dell\.m2\repository\com\google\errorprone\error_prone_annotations\2.11.0\error_prone_annotations-2.11.0.jar;C:\Users\Dell\.m2\repository\com\google\j2objc\j2objc-annotations\1.3\j2objc-annotations-1.3.jar;C:\Users\Dell\.m2\repository\org\apache\xmlbeans\xmlbeans\3.1.0\xmlbeans-3.1.0.jar;C:\Users\Dell\.m2\repository\org\apache\poi\poi-ooxml-schemas\4.1.1\poi-ooxml-schemas-4.1.1.jar;C:\Users\Dell\.m2\repository\org\testng\testng\6.14.3\testng-6.14.3.jar;C:\Users\Dell\.m2\repository\com\beust\jcommander\1.72\jcommander-1.72.jar;C:\Users\Dell\.m2\repository\org\apache-extras\beanshell\bsh\2.0b6\bsh-2.0b6.jar;C:\Users\Dell\.m2\repository\com\sun\mail\javax.mail\1.6.2\javax.mail-1.6.2.jar;C:\Users\Dell\.m2\repository\javax\activation\activation\1.1\activation-1.1.jar;C:\Users\Dell\.m2\repository\mysql\mysql-connector-java\8.0.30\mysql-connector-java-8.0.30.jar;C:\Users\Dell\.m2\repository\com\google\protobuf\protobuf-java\3.19.4\protobuf-java-3.19.4.jar;C:\Users\Dell\.m2\repository\log4j\log4j\1.2.17\log4j-1.2.17.jar;C:\Users\Dell\.m2\repository\com\microsoft\playwright\playwright\1.25.0\playwright-1.25.0.jar;C:\Users\Dell\.m2\repository\com\google\code\gson\gson\2.8.9\gson-2.8.9.jar;C:\Users\Dell\.m2\repository\org\opentest4j\opentest4j\1.2.0\opentest4j-1.2.0.jar;C:\Users\Dell\.m2\repository\com\microsoft\playwright\driver\1.25.0\driver-1.25.0.jar;C:\Users\Dell\.m2\repository\com\microsoft\playwright\driver-bundle\1.25.0\driver-bundle-1.25.0.jar;C:\Users\Dell\.m2\repository\com\aventstack\extentreports\5.0.9\extentreports-5.0.9.jar;C:\Users\Dell\.m2\repository\io\reactivex\rxjava3\rxjava\3.0.4\rxjava-3.0.4.jar;C:\Users\Dell\.m2\repository\org\reactivestreams\reactive-streams\1.0.3\reactive-streams-1.0.3.jar;C:\Users\Dell\.m2\repository\org\freemarker\freemarker\2.3.30\freemarker-2.3.30.jar;C:\Users\Dell\.m2\repository\org\projectlombok\lombok\1.18.32\lombok-1.18.32.jar;"/>
    <property name="sun.cpu.endian" value="little"/>
    <property name="user.home" value="C:\Users\Dell"/>
    <property name="user.language" value="en"/>
    <property name="java.specification.vendor" value="Oracle Corporation"/>
    <property name="java.version.date" value="2025-01-21"/>
    <property name="java.home" value="C:\Program Files\Java\jdk-17"/>
    <property name="file.separator" value="\"/>
    <property name="basedir" value="C:\code\Flairdocs1"/>
    <property name="java.vm.compressedOopsMode" value="Zero based"/>
    <property name="line.separator" value="&#10;"/>
    <property name="java.vm.specification.vendor" value="Oracle Corporation"/>
    <property name="java.specification.name" value="Java Platform API Specification"/>
    <property name="surefire.real.class.path" value="C:\Users\Dell\AppData\Local\Temp\surefire17915786966407740951\surefirebooter-20250724160650068_3.jar"/>
    <property name="user.script" value=""/>
    <property name="sun.management.compiler" value="HotSpot 64-Bit Tiered Compilers"/>
    <property name="java.runtime.version" value="17.0.14+8-LTS-191"/>
    <property name="user.name" value="Dell"/>
    <property name="path.separator" value=";"/>
    <property name="os.version" value="10.0"/>
    <property name="java.runtime.name" value="Java(TM) SE Runtime Environment"/>
    <property name="file.encoding" value="Cp1252"/>
    <property name="java.vm.name" value="Java HotSpot(TM) 64-Bit Server VM"/>
    <property name="localRepository" value="C:\Users\Dell\.m2\repository"/>
    <property name="java.vendor.url.bug" value="https://bugreport.java.com/bugreport/"/>
    <property name="java.io.tmpdir" value="C:\Users\Dell\AppData\Local\Temp\"/>
    <property name="java.version" value="17.0.14"/>
    <property name="user.dir" value="C:\code\Flairdocs1"/>
    <property name="os.arch" value="amd64"/>
    <property name="java.vm.specification.name" value="Java Virtual Machine Specification"/>
    <property name="sun.os.patch.level" value=""/>
    <property name="native.encoding" value="Cp1252"/>
    <property name="java.library.path" value="C:\Program Files\Java\jdk-17\bin;C:\Windows\Sun\Java\bin;C:\Windows\system32;C:\Windows;C:\Program Files\Common Files\Oracle\Java\javapath;C:\Windows\system32;C:\Windows;C:\Windows\System32\Wbem;C:\Windows\System32\WindowsPowerShell\v1.0\;C:\Windows\System32\OpenSSH\;C:\Program Files\Java\jdk-17\bin;C:\Program Files\Java\jdk-17\bin;c:\Users\Dell\AppData\Local\Programs\cursor\resources\app\bin;C:\maven\apache-maven-3.8.8\bin;C:\Program Files\Git\cmd;C:\Program Files\Docker\Docker\resources\bin;C:\Users\Dell\AppData\Local\Microsoft\WindowsApps;C:\Users\Dell\AppData\Local\Programs\Microsoft VS Code\bin;C:\Users\Dell\AppData\Local\Programs\cursor\resources\app\bin;C:\Users\Dell\AppData\Local\Programs\Windsurf\bin;."/>
    <property name="java.vm.info" value="mixed mode, sharing"/>
    <property name="java.vendor" value="Oracle Corporation"/>
    <property name="java.vm.version" value="17.0.14+8-LTS-191"/>
    <property name="java.specification.maintenance.version" value="1"/>
    <property name="sun.io.unicode.encoding" value="UnicodeLittle"/>
    <property name="java.class.version" value="61.0"/>
  </properties>
  <testcase name="setup" classname="testcases.FullUserJourneyTest" time="40.524">
    <failure message="Error {&#10;  message=&apos;Timeout 30000ms exceeded.&#10;=========================== logs ===========================&#10;waiting for selector &quot;#LoginFlairdocs_LoginButton&quot;&#10;  selector resolved to visible &lt;input type=&quot;submit&quot; value=&quot;Login&quot; class=&quot;_btn_04&quot; id=&quot;…/&gt;&#10;attempting click action&#10;  waiting for element to be visible, enabled and stable&#10;    forcing action&#10;  element is visible, enabled and stable&#10;  scrolling into view if needed&#10;  done scrolling&#10;  performing click action&#10;  click action done&#10;  waiting for scheduled navigations to finish&#10;============================================================&#10;  name=&apos;TimeoutError&#10;  stack=&apos;TimeoutError: Timeout 30000ms exceeded.&#10;=========================== logs ===========================&#10;waiting for selector &quot;#LoginFlairdocs_LoginButton&quot;&#10;  selector resolved to visible &lt;input type=&quot;submit&quot; value=&quot;Login&quot; class=&quot;_btn_04&quot; id=&quot;…/&gt;&#10;attempting click action&#10;  waiting for element to be visible, enabled and stable&#10;    forcing action&#10;  element is visible, enabled and stable&#10;  scrolling into view if needed&#10;  done scrolling&#10;  performing click action&#10;  click action done&#10;  waiting for scheduled navigations to finish&#10;============================================================&#10;    at ProgressController.run (C:\Users\Dell\AppData\Local\Temp\playwright-java-7915038927546018183\package\lib\server\progress.js:96:26)&#10;    at Frame.click (C:\Users\Dell\AppData\Local\Temp\playwright-java-7915038927546018183\package\lib\server\frames.js:1197:23)&#10;    at FrameDispatcher.click (C:\Users\Dell\AppData\Local\Temp\playwright-java-7915038927546018183\package\lib\server\dispatchers\frameDispatcher.js:173:30)&#10;    at DispatcherConnection.dispatch (C:\Users\Dell\AppData\Local\Temp\playwright-java-7915038927546018183\package\lib\server\dispatchers\dispatcher.js:397:46)&#10;}" type="com.microsoft.playwright.TimeoutError"><![CDATA[com.microsoft.playwright.TimeoutError: 
Error {
  message='Timeout 30000ms exceeded.
=========================== logs ===========================
waiting for selector "#LoginFlairdocs_LoginButton"
  selector resolved to visible <input type="submit" value="Login" class="_btn_04" id="…/>
attempting click action
  waiting for element to be visible, enabled and stable
    forcing action
  element is visible, enabled and stable
  scrolling into view if needed
  done scrolling
  performing click action
  click action done
  waiting for scheduled navigations to finish
============================================================
  name='TimeoutError
  stack='TimeoutError: Timeout 30000ms exceeded.
=========================== logs ===========================
waiting for selector "#LoginFlairdocs_LoginButton"
  selector resolved to visible <input type="submit" value="Login" class="_btn_04" id="…/>
attempting click action
  waiting for element to be visible, enabled and stable
    forcing action
  element is visible, enabled and stable
  scrolling into view if needed
  done scrolling
  performing click action
  click action done
  waiting for scheduled navigations to finish
============================================================
    at ProgressController.run (C:\Users\Dell\AppData\Local\Temp\playwright-java-7915038927546018183\package\lib\server\progress.js:96:26)
    at Frame.click (C:\Users\Dell\AppData\Local\Temp\playwright-java-7915038927546018183\package\lib\server\frames.js:1197:23)
    at FrameDispatcher.click (C:\Users\Dell\AppData\Local\Temp\playwright-java-7915038927546018183\package\lib\server\dispatchers\frameDispatcher.js:173:30)
    at DispatcherConnection.dispatch (C:\Users\Dell\AppData\Local\Temp\playwright-java-7915038927546018183\package\lib\server\dispatchers\dispatcher.js:397:46)
}
	at com.microsoft.playwright.impl.WaitableResult.get(WaitableResult.java:52)
	at com.microsoft.playwright.impl.ChannelOwner.runUntil(ChannelOwner.java:109)
	at com.microsoft.playwright.impl.Connection.sendMessage(Connection.java:108)
	at com.microsoft.playwright.impl.ChannelOwner.sendMessage(ChannelOwner.java:100)
	at com.microsoft.playwright.impl.FrameImpl.clickImpl(FrameImpl.java:255)
	at com.microsoft.playwright.impl.PageImpl.lambda$click$17(PageImpl.java:626)
	at com.microsoft.playwright.impl.LoggingSupport.lambda$withLogging$0(LoggingSupport.java:36)
	at com.microsoft.playwright.impl.LoggingSupport.withLogging(LoggingSupport.java:47)
	at com.microsoft.playwright.impl.ChannelOwner.withLogging(ChannelOwner.java:85)
	at com.microsoft.playwright.impl.LoggingSupport.withLogging(LoggingSupport.java:35)
	at com.microsoft.playwright.impl.PageImpl.click(PageImpl.java:625)
	at base.BaseTest.login(BaseTest.java:231)
	at base.BaseTest.setup(BaseTest.java:125)
	at java.base/jdk.internal.reflect.NativeMethodAccessorImpl.invoke0(Native Method)
	at java.base/jdk.internal.reflect.NativeMethodAccessorImpl.invoke(NativeMethodAccessorImpl.java:77)
	at java.base/jdk.internal.reflect.DelegatingMethodAccessorImpl.invoke(DelegatingMethodAccessorImpl.java:43)
	at java.base/java.lang.reflect.Method.invoke(Method.java:568)
	at org.testng.internal.MethodInvocationHelper.invokeMethod(MethodInvocationHelper.java:124)
	at org.testng.internal.MethodInvocationHelper.invokeMethodConsideringTimeout(MethodInvocationHelper.java:59)
	at org.testng.internal.Invoker.invokeConfigurationMethod(Invoker.java:458)
	at org.testng.internal.Invoker.invokeConfigurations(Invoker.java:222)
	at org.testng.internal.Invoker.invokeConfigurations(Invoker.java:142)
	at org.testng.SuiteRunner.privateRun(SuiteRunner.java:401)
	at org.testng.SuiteRunner.run(SuiteRunner.java:364)
	at org.testng.SuiteRunnerWorker.runSuite(SuiteRunnerWorker.java:52)
	at org.testng.SuiteRunnerWorker.run(SuiteRunnerWorker.java:84)
	at org.testng.TestNG.runSuitesSequentially(TestNG.java:1208)
	at org.testng.TestNG.runSuitesLocally(TestNG.java:1137)
	at org.testng.TestNG.runSuites(TestNG.java:1049)
	at org.testng.TestNG.run(TestNG.java:1017)
	at org.apache.maven.surefire.testng.TestNGExecutor.run(TestNGExecutor.java:308)
	at org.apache.maven.surefire.testng.TestNGXmlTestSuite.execute(TestNGXmlTestSuite.java:71)
	at org.apache.maven.surefire.testng.TestNGProvider.invoke(TestNGProvider.java:113)
	at org.apache.maven.surefire.booter.ForkedBooter.runSuitesInProcess(ForkedBooter.java:385)
	at org.apache.maven.surefire.booter.ForkedBooter.execute(ForkedBooter.java:162)
	at org.apache.maven.surefire.booter.ForkedBooter.run(ForkedBooter.java:507)
	at org.apache.maven.surefire.booter.ForkedBooter.main(ForkedBooter.java:495)
Caused by: com.microsoft.playwright.TimeoutError: Error {
  message='Timeout 30000ms exceeded.
=========================== logs ===========================
waiting for selector "#LoginFlairdocs_LoginButton"
  selector resolved to visible <input type="submit" value="Login" class="_btn_04" id="…/>
attempting click action
  waiting for element to be visible, enabled and stable
    forcing action
  element is visible, enabled and stable
  scrolling into view if needed
  done scrolling
  performing click action
  click action done
  waiting for scheduled navigations to finish
============================================================
  name='TimeoutError
  stack='TimeoutError: Timeout 30000ms exceeded.
=========================== logs ===========================
waiting for selector "#LoginFlairdocs_LoginButton"
  selector resolved to visible <input type="submit" value="Login" class="_btn_04" id="…/>
attempting click action
  waiting for element to be visible, enabled and stable
    forcing action
  element is visible, enabled and stable
  scrolling into view if needed
  done scrolling
  performing click action
  click action done
  waiting for scheduled navigations to finish
============================================================
    at ProgressController.run (C:\Users\Dell\AppData\Local\Temp\playwright-java-7915038927546018183\package\lib\server\progress.js:96:26)
    at Frame.click (C:\Users\Dell\AppData\Local\Temp\playwright-java-7915038927546018183\package\lib\server\frames.js:1197:23)
    at FrameDispatcher.click (C:\Users\Dell\AppData\Local\Temp\playwright-java-7915038927546018183\package\lib\server\dispatchers\frameDispatcher.js:173:30)
    at DispatcherConnection.dispatch (C:\Users\Dell\AppData\Local\Temp\playwright-java-7915038927546018183\package\lib\server\dispatchers\dispatcher.js:397:46)
}
	at com.microsoft.playwright.impl.Connection.dispatch(Connection.java:188)
	at com.microsoft.playwright.impl.Connection.processOneMessage(Connection.java:170)
	at com.microsoft.playwright.impl.ChannelOwner.runUntil(ChannelOwner.java:107)
	... 35 more
]]></failure>
    <system-out><![CDATA[[TestNGContentHandler] [WARN] It is strongly recommended to add "<!DOCTYPE suite SYSTEM "http://testng.org/testng-1.0.dtd" >" at the top of your file, otherwise TestNG may fail or not work as expected.
2025-07-24 16:06:51 INFO  FullUserJourneyTest:56 - Test Execution Started
 2025-07-24 16:06:51 INFO  FullUserJourneyTest:62 - OR.properties file loaded
 2025-07-24 16:06:51 INFO  FullUserJourneyTest:78 - Screen size detected: 1536 x 864
 2025-07-24 16:06:59 INFO  FullUserJourneyTest:99 - Launched chrome maximized
 ]]></system-out>
    <system-err><![CDATA[log4j:WARN No appenders could be found for logger (extentlisteners.ExtentListeners).
log4j:WARN Please initialize the log4j system properly.
log4j:WARN See http://logging.apache.org/log4j/1.2/faq.html#noconfig for more info.
]]></system-err>
  </testcase>
  <testcase name="adminMenuNavigation" classname="testcases.FullUserJourneyTest" time="0">
    <skipped message="Error {&#10;  message=&apos;Timeout 30000ms exceeded.&#10;=========================== logs ===========================&#10;waiting for selector &quot;#LoginFlairdocs_LoginButton&quot;&#10;  selector resolved to visible &lt;input type=&quot;submit&quot; value=&quot;Login&quot; class=&quot;_btn_04&quot; id=&quot;…/&gt;&#10;attempting click action&#10;  waiting for element to be visible, enabled and stable&#10;    forcing action&#10;  element is visible, enabled and stable&#10;  scrolling into view if needed&#10;  done scrolling&#10;  performing click action&#10;  click action done&#10;  waiting for scheduled navigations to finish&#10;============================================================&#10;  name=&apos;TimeoutError&#10;  stack=&apos;TimeoutError: Timeout 30000ms exceeded.&#10;=========================== logs ===========================&#10;waiting for selector &quot;#LoginFlairdocs_LoginButton&quot;&#10;  selector resolved to visible &lt;input type=&quot;submit&quot; value=&quot;Login&quot; class=&quot;_btn_04&quot; id=&quot;…/&gt;&#10;attempting click action&#10;  waiting for element to be visible, enabled and stable&#10;    forcing action&#10;  element is visible, enabled and stable&#10;  scrolling into view if needed&#10;  done scrolling&#10;  performing click action&#10;  click action done&#10;  waiting for scheduled navigations to finish&#10;============================================================&#10;    at ProgressController.run (C:\Users\Dell\AppData\Local\Temp\playwright-java-7915038927546018183\package\lib\server\progress.js:96:26)&#10;    at Frame.click (C:\Users\Dell\AppData\Local\Temp\playwright-java-7915038927546018183\package\lib\server\frames.js:1197:23)&#10;    at FrameDispatcher.click (C:\Users\Dell\AppData\Local\Temp\playwright-java-7915038927546018183\package\lib\server\dispatchers\frameDispatcher.js:173:30)&#10;    at DispatcherConnection.dispatch (C:\Users\Dell\AppData\Local\Temp\playwright-java-7915038927546018183\package\lib\server\dispatchers\dispatcher.js:397:46)&#10;}"/>
  </testcase>
  <testcase name="panelExpansion" classname="testcases.FullUserJourneyTest" time="0">
    <skipped message="Error {&#10;  message=&apos;Timeout 30000ms exceeded.&#10;=========================== logs ===========================&#10;waiting for selector &quot;#LoginFlairdocs_LoginButton&quot;&#10;  selector resolved to visible &lt;input type=&quot;submit&quot; value=&quot;Login&quot; class=&quot;_btn_04&quot; id=&quot;…/&gt;&#10;attempting click action&#10;  waiting for element to be visible, enabled and stable&#10;    forcing action&#10;  element is visible, enabled and stable&#10;  scrolling into view if needed&#10;  done scrolling&#10;  performing click action&#10;  click action done&#10;  waiting for scheduled navigations to finish&#10;============================================================&#10;  name=&apos;TimeoutError&#10;  stack=&apos;TimeoutError: Timeout 30000ms exceeded.&#10;=========================== logs ===========================&#10;waiting for selector &quot;#LoginFlairdocs_LoginButton&quot;&#10;  selector resolved to visible &lt;input type=&quot;submit&quot; value=&quot;Login&quot; class=&quot;_btn_04&quot; id=&quot;…/&gt;&#10;attempting click action&#10;  waiting for element to be visible, enabled and stable&#10;    forcing action&#10;  element is visible, enabled and stable&#10;  scrolling into view if needed&#10;  done scrolling&#10;  performing click action&#10;  click action done&#10;  waiting for scheduled navigations to finish&#10;============================================================&#10;    at ProgressController.run (C:\Users\Dell\AppData\Local\Temp\playwright-java-7915038927546018183\package\lib\server\progress.js:96:26)&#10;    at Frame.click (C:\Users\Dell\AppData\Local\Temp\playwright-java-7915038927546018183\package\lib\server\frames.js:1197:23)&#10;    at FrameDispatcher.click (C:\Users\Dell\AppData\Local\Temp\playwright-java-7915038927546018183\package\lib\server\dispatchers\frameDispatcher.js:173:30)&#10;    at DispatcherConnection.dispatch (C:\Users\Dell\AppData\Local\Temp\playwright-java-7915038927546018183\package\lib\server\dispatchers\dispatcher.js:397:46)&#10;}"/>
    <system-out><![CDATA[2025-07-24 16:07:30 WARN  ExtentListeners:25 - ExtentTest is null in ThreadLocal, creating a new one
 ]]></system-out>
  </testcase>
  <testcase name="createNewFileAndCheckRow" classname="testcases.FullUserJourneyTest" time="0">
    <skipped message="Error {&#10;  message=&apos;Timeout 30000ms exceeded.&#10;=========================== logs ===========================&#10;waiting for selector &quot;#LoginFlairdocs_LoginButton&quot;&#10;  selector resolved to visible &lt;input type=&quot;submit&quot; value=&quot;Login&quot; class=&quot;_btn_04&quot; id=&quot;…/&gt;&#10;attempting click action&#10;  waiting for element to be visible, enabled and stable&#10;    forcing action&#10;  element is visible, enabled and stable&#10;  scrolling into view if needed&#10;  done scrolling&#10;  performing click action&#10;  click action done&#10;  waiting for scheduled navigations to finish&#10;============================================================&#10;  name=&apos;TimeoutError&#10;  stack=&apos;TimeoutError: Timeout 30000ms exceeded.&#10;=========================== logs ===========================&#10;waiting for selector &quot;#LoginFlairdocs_LoginButton&quot;&#10;  selector resolved to visible &lt;input type=&quot;submit&quot; value=&quot;Login&quot; class=&quot;_btn_04&quot; id=&quot;…/&gt;&#10;attempting click action&#10;  waiting for element to be visible, enabled and stable&#10;    forcing action&#10;  element is visible, enabled and stable&#10;  scrolling into view if needed&#10;  done scrolling&#10;  performing click action&#10;  click action done&#10;  waiting for scheduled navigations to finish&#10;============================================================&#10;    at ProgressController.run (C:\Users\Dell\AppData\Local\Temp\playwright-java-7915038927546018183\package\lib\server\progress.js:96:26)&#10;    at Frame.click (C:\Users\Dell\AppData\Local\Temp\playwright-java-7915038927546018183\package\lib\server\frames.js:1197:23)&#10;    at FrameDispatcher.click (C:\Users\Dell\AppData\Local\Temp\playwright-java-7915038927546018183\package\lib\server\dispatchers\frameDispatcher.js:173:30)&#10;    at DispatcherConnection.dispatch (C:\Users\Dell\AppData\Local\Temp\playwright-java-7915038927546018183\package\lib\server\dispatchers\dispatcher.js:397:46)&#10;}"/>
  </testcase>
  <testcase name="completeLoginAndTabSelection" classname="testcases.FullUserJourneyTest" time="0">
    <skipped message="Error {&#10;  message=&apos;Timeout 30000ms exceeded.&#10;=========================== logs ===========================&#10;waiting for selector &quot;#LoginFlairdocs_LoginButton&quot;&#10;  selector resolved to visible &lt;input type=&quot;submit&quot; value=&quot;Login&quot; class=&quot;_btn_04&quot; id=&quot;…/&gt;&#10;attempting click action&#10;  waiting for element to be visible, enabled and stable&#10;    forcing action&#10;  element is visible, enabled and stable&#10;  scrolling into view if needed&#10;  done scrolling&#10;  performing click action&#10;  click action done&#10;  waiting for scheduled navigations to finish&#10;============================================================&#10;  name=&apos;TimeoutError&#10;  stack=&apos;TimeoutError: Timeout 30000ms exceeded.&#10;=========================== logs ===========================&#10;waiting for selector &quot;#LoginFlairdocs_LoginButton&quot;&#10;  selector resolved to visible &lt;input type=&quot;submit&quot; value=&quot;Login&quot; class=&quot;_btn_04&quot; id=&quot;…/&gt;&#10;attempting click action&#10;  waiting for element to be visible, enabled and stable&#10;    forcing action&#10;  element is visible, enabled and stable&#10;  scrolling into view if needed&#10;  done scrolling&#10;  performing click action&#10;  click action done&#10;  waiting for scheduled navigations to finish&#10;============================================================&#10;    at ProgressController.run (C:\Users\Dell\AppData\Local\Temp\playwright-java-7915038927546018183\package\lib\server\progress.js:96:26)&#10;    at Frame.click (C:\Users\Dell\AppData\Local\Temp\playwright-java-7915038927546018183\package\lib\server\frames.js:1197:23)&#10;    at FrameDispatcher.click (C:\Users\Dell\AppData\Local\Temp\playwright-java-7915038927546018183\package\lib\server\dispatchers\frameDispatcher.js:173:30)&#10;    at DispatcherConnection.dispatch (C:\Users\Dell\AppData\Local\Temp\playwright-java-7915038927546018183\package\lib\server\dispatchers\dispatcher.js:397:46)&#10;}"/>
  </testcase>
  <testcase name="clickTopMenuItems" classname="testcases.FullUserJourneyTest" time="0">
    <skipped message="Error {&#10;  message=&apos;Timeout 30000ms exceeded.&#10;=========================== logs ===========================&#10;waiting for selector &quot;#LoginFlairdocs_LoginButton&quot;&#10;  selector resolved to visible &lt;input type=&quot;submit&quot; value=&quot;Login&quot; class=&quot;_btn_04&quot; id=&quot;…/&gt;&#10;attempting click action&#10;  waiting for element to be visible, enabled and stable&#10;    forcing action&#10;  element is visible, enabled and stable&#10;  scrolling into view if needed&#10;  done scrolling&#10;  performing click action&#10;  click action done&#10;  waiting for scheduled navigations to finish&#10;============================================================&#10;  name=&apos;TimeoutError&#10;  stack=&apos;TimeoutError: Timeout 30000ms exceeded.&#10;=========================== logs ===========================&#10;waiting for selector &quot;#LoginFlairdocs_LoginButton&quot;&#10;  selector resolved to visible &lt;input type=&quot;submit&quot; value=&quot;Login&quot; class=&quot;_btn_04&quot; id=&quot;…/&gt;&#10;attempting click action&#10;  waiting for element to be visible, enabled and stable&#10;    forcing action&#10;  element is visible, enabled and stable&#10;  scrolling into view if needed&#10;  done scrolling&#10;  performing click action&#10;  click action done&#10;  waiting for scheduled navigations to finish&#10;============================================================&#10;    at ProgressController.run (C:\Users\Dell\AppData\Local\Temp\playwright-java-7915038927546018183\package\lib\server\progress.js:96:26)&#10;    at Frame.click (C:\Users\Dell\AppData\Local\Temp\playwright-java-7915038927546018183\package\lib\server\frames.js:1197:23)&#10;    at FrameDispatcher.click (C:\Users\Dell\AppData\Local\Temp\playwright-java-7915038927546018183\package\lib\server\dispatchers\frameDispatcher.js:173:30)&#10;    at DispatcherConnection.dispatch (C:\Users\Dell\AppData\Local\Temp\playwright-java-7915038927546018183\package\lib\server\dispatchers\dispatcher.js:397:46)&#10;}"/>
  </testcase>
  <testcase name="expandAndCollapseAllPanelsInAllTabs" classname="testcases.FullUserJourneyTest" time="0">
    <skipped message="Error {&#10;  message=&apos;Timeout 30000ms exceeded.&#10;=========================== logs ===========================&#10;waiting for selector &quot;#LoginFlairdocs_LoginButton&quot;&#10;  selector resolved to visible &lt;input type=&quot;submit&quot; value=&quot;Login&quot; class=&quot;_btn_04&quot; id=&quot;…/&gt;&#10;attempting click action&#10;  waiting for element to be visible, enabled and stable&#10;    forcing action&#10;  element is visible, enabled and stable&#10;  scrolling into view if needed&#10;  done scrolling&#10;  performing click action&#10;  click action done&#10;  waiting for scheduled navigations to finish&#10;============================================================&#10;  name=&apos;TimeoutError&#10;  stack=&apos;TimeoutError: Timeout 30000ms exceeded.&#10;=========================== logs ===========================&#10;waiting for selector &quot;#LoginFlairdocs_LoginButton&quot;&#10;  selector resolved to visible &lt;input type=&quot;submit&quot; value=&quot;Login&quot; class=&quot;_btn_04&quot; id=&quot;…/&gt;&#10;attempting click action&#10;  waiting for element to be visible, enabled and stable&#10;    forcing action&#10;  element is visible, enabled and stable&#10;  scrolling into view if needed&#10;  done scrolling&#10;  performing click action&#10;  click action done&#10;  waiting for scheduled navigations to finish&#10;============================================================&#10;    at ProgressController.run (C:\Users\Dell\AppData\Local\Temp\playwright-java-7915038927546018183\package\lib\server\progress.js:96:26)&#10;    at Frame.click (C:\Users\Dell\AppData\Local\Temp\playwright-java-7915038927546018183\package\lib\server\frames.js:1197:23)&#10;    at FrameDispatcher.click (C:\Users\Dell\AppData\Local\Temp\playwright-java-7915038927546018183\package\lib\server\dispatchers\frameDispatcher.js:173:30)&#10;    at DispatcherConnection.dispatch (C:\Users\Dell\AppData\Local\Temp\playwright-java-7915038927546018183\package\lib\server\dispatchers\dispatcher.js:397:46)&#10;}"/>
  </testcase>
  <testcase name="switchToDomain2AndSelectFirstFile" classname="testcases.FullUserJourneyTest" time="0">
    <skipped message="Error {&#10;  message=&apos;Timeout 30000ms exceeded.&#10;=========================== logs ===========================&#10;waiting for selector &quot;#LoginFlairdocs_LoginButton&quot;&#10;  selector resolved to visible &lt;input type=&quot;submit&quot; value=&quot;Login&quot; class=&quot;_btn_04&quot; id=&quot;…/&gt;&#10;attempting click action&#10;  waiting for element to be visible, enabled and stable&#10;    forcing action&#10;  element is visible, enabled and stable&#10;  scrolling into view if needed&#10;  done scrolling&#10;  performing click action&#10;  click action done&#10;  waiting for scheduled navigations to finish&#10;============================================================&#10;  name=&apos;TimeoutError&#10;  stack=&apos;TimeoutError: Timeout 30000ms exceeded.&#10;=========================== logs ===========================&#10;waiting for selector &quot;#LoginFlairdocs_LoginButton&quot;&#10;  selector resolved to visible &lt;input type=&quot;submit&quot; value=&quot;Login&quot; class=&quot;_btn_04&quot; id=&quot;…/&gt;&#10;attempting click action&#10;  waiting for element to be visible, enabled and stable&#10;    forcing action&#10;  element is visible, enabled and stable&#10;  scrolling into view if needed&#10;  done scrolling&#10;  performing click action&#10;  click action done&#10;  waiting for scheduled navigations to finish&#10;============================================================&#10;    at ProgressController.run (C:\Users\Dell\AppData\Local\Temp\playwright-java-7915038927546018183\package\lib\server\progress.js:96:26)&#10;    at Frame.click (C:\Users\Dell\AppData\Local\Temp\playwright-java-7915038927546018183\package\lib\server\frames.js:1197:23)&#10;    at FrameDispatcher.click (C:\Users\Dell\AppData\Local\Temp\playwright-java-7915038927546018183\package\lib\server\dispatchers\frameDispatcher.js:173:30)&#10;    at DispatcherConnection.dispatch (C:\Users\Dell\AppData\Local\Temp\playwright-java-7915038927546018183\package\lib\server\dispatchers\dispatcher.js:397:46)&#10;}"/>
  </testcase>
  <testcase name="expandAndCollapsePanelsInAllTabsAfterFileSelection" classname="testcases.FullUserJourneyTest" time="0">
    <skipped message="Error {&#10;  message=&apos;Timeout 30000ms exceeded.&#10;=========================== logs ===========================&#10;waiting for selector &quot;#LoginFlairdocs_LoginButton&quot;&#10;  selector resolved to visible &lt;input type=&quot;submit&quot; value=&quot;Login&quot; class=&quot;_btn_04&quot; id=&quot;…/&gt;&#10;attempting click action&#10;  waiting for element to be visible, enabled and stable&#10;    forcing action&#10;  element is visible, enabled and stable&#10;  scrolling into view if needed&#10;  done scrolling&#10;  performing click action&#10;  click action done&#10;  waiting for scheduled navigations to finish&#10;============================================================&#10;  name=&apos;TimeoutError&#10;  stack=&apos;TimeoutError: Timeout 30000ms exceeded.&#10;=========================== logs ===========================&#10;waiting for selector &quot;#LoginFlairdocs_LoginButton&quot;&#10;  selector resolved to visible &lt;input type=&quot;submit&quot; value=&quot;Login&quot; class=&quot;_btn_04&quot; id=&quot;…/&gt;&#10;attempting click action&#10;  waiting for element to be visible, enabled and stable&#10;    forcing action&#10;  element is visible, enabled and stable&#10;  scrolling into view if needed&#10;  done scrolling&#10;  performing click action&#10;  click action done&#10;  waiting for scheduled navigations to finish&#10;============================================================&#10;    at ProgressController.run (C:\Users\Dell\AppData\Local\Temp\playwright-java-7915038927546018183\package\lib\server\progress.js:96:26)&#10;    at Frame.click (C:\Users\Dell\AppData\Local\Temp\playwright-java-7915038927546018183\package\lib\server\frames.js:1197:23)&#10;    at FrameDispatcher.click (C:\Users\Dell\AppData\Local\Temp\playwright-java-7915038927546018183\package\lib\server\dispatchers\frameDispatcher.js:173:30)&#10;    at DispatcherConnection.dispatch (C:\Users\Dell\AppData\Local\Temp\playwright-java-7915038927546018183\package\lib\server\dispatchers\dispatcher.js:397:46)&#10;}"/>
  </testcase>
  <testcase name="openAndCloseCreateNewFilePopup" classname="testcases.FullUserJourneyTest" time="0">
    <skipped message="Error {&#10;  message=&apos;Timeout 30000ms exceeded.&#10;=========================== logs ===========================&#10;waiting for selector &quot;#LoginFlairdocs_LoginButton&quot;&#10;  selector resolved to visible &lt;input type=&quot;submit&quot; value=&quot;Login&quot; class=&quot;_btn_04&quot; id=&quot;…/&gt;&#10;attempting click action&#10;  waiting for element to be visible, enabled and stable&#10;    forcing action&#10;  element is visible, enabled and stable&#10;  scrolling into view if needed&#10;  done scrolling&#10;  performing click action&#10;  click action done&#10;  waiting for scheduled navigations to finish&#10;============================================================&#10;  name=&apos;TimeoutError&#10;  stack=&apos;TimeoutError: Timeout 30000ms exceeded.&#10;=========================== logs ===========================&#10;waiting for selector &quot;#LoginFlairdocs_LoginButton&quot;&#10;  selector resolved to visible &lt;input type=&quot;submit&quot; value=&quot;Login&quot; class=&quot;_btn_04&quot; id=&quot;…/&gt;&#10;attempting click action&#10;  waiting for element to be visible, enabled and stable&#10;    forcing action&#10;  element is visible, enabled and stable&#10;  scrolling into view if needed&#10;  done scrolling&#10;  performing click action&#10;  click action done&#10;  waiting for scheduled navigations to finish&#10;============================================================&#10;    at ProgressController.run (C:\Users\Dell\AppData\Local\Temp\playwright-java-7915038927546018183\package\lib\server\progress.js:96:26)&#10;    at Frame.click (C:\Users\Dell\AppData\Local\Temp\playwright-java-7915038927546018183\package\lib\server\frames.js:1197:23)&#10;    at FrameDispatcher.click (C:\Users\Dell\AppData\Local\Temp\playwright-java-7915038927546018183\package\lib\server\dispatchers\frameDispatcher.js:173:30)&#10;    at DispatcherConnection.dispatch (C:\Users\Dell\AppData\Local\Temp\playwright-java-7915038927546018183\package\lib\server\dispatchers\dispatcher.js:397:46)&#10;}"/>
  </testcase>
  <testcase name="openAndCloseCreateNewProjectPopup" classname="testcases.FullUserJourneyTest" time="0">
    <skipped message="Error {&#10;  message=&apos;Timeout 30000ms exceeded.&#10;=========================== logs ===========================&#10;waiting for selector &quot;#LoginFlairdocs_LoginButton&quot;&#10;  selector resolved to visible &lt;input type=&quot;submit&quot; value=&quot;Login&quot; class=&quot;_btn_04&quot; id=&quot;…/&gt;&#10;attempting click action&#10;  waiting for element to be visible, enabled and stable&#10;    forcing action&#10;  element is visible, enabled and stable&#10;  scrolling into view if needed&#10;  done scrolling&#10;  performing click action&#10;  click action done&#10;  waiting for scheduled navigations to finish&#10;============================================================&#10;  name=&apos;TimeoutError&#10;  stack=&apos;TimeoutError: Timeout 30000ms exceeded.&#10;=========================== logs ===========================&#10;waiting for selector &quot;#LoginFlairdocs_LoginButton&quot;&#10;  selector resolved to visible &lt;input type=&quot;submit&quot; value=&quot;Login&quot; class=&quot;_btn_04&quot; id=&quot;…/&gt;&#10;attempting click action&#10;  waiting for element to be visible, enabled and stable&#10;    forcing action&#10;  element is visible, enabled and stable&#10;  scrolling into view if needed&#10;  done scrolling&#10;  performing click action&#10;  click action done&#10;  waiting for scheduled navigations to finish&#10;============================================================&#10;    at ProgressController.run (C:\Users\Dell\AppData\Local\Temp\playwright-java-7915038927546018183\package\lib\server\progress.js:96:26)&#10;    at Frame.click (C:\Users\Dell\AppData\Local\Temp\playwright-java-7915038927546018183\package\lib\server\frames.js:1197:23)&#10;    at FrameDispatcher.click (C:\Users\Dell\AppData\Local\Temp\playwright-java-7915038927546018183\package\lib\server\dispatchers\frameDispatcher.js:173:30)&#10;    at DispatcherConnection.dispatch (C:\Users\Dell\AppData\Local\Temp\playwright-java-7915038927546018183\package\lib\server\dispatchers\dispatcher.js:397:46)&#10;}"/>
  </testcase>
  <testcase name="tearDownSuite" classname="testcases.FullUserJourneyTest" time="0">
    <skipped/>
  </testcase>
</testsuite>