<?xml version="1.0" encoding="UTF-8"?>
<!-- Generated by org.testng.reporters.JUnitReportReporter -->
<testsuite hostname="DESKTOP-22VC4B1" failures="0" tests="12" name="testcases.FullUserJourneyTest" time="39.847" errors="1" timestamp="24 Jul 2025 10:37:31 GMT" skipped="11">
  <testcase classname="testcases.FullUserJourneyTest" name="setup" time="39.847">
    <error message="Error {
  message=&#039;Timeout 30000ms exceeded.
=========================== logs ===========================
waiting for selector &quot;#LoginFlairdocs_LoginButton&quot;
  selector resolved to visible &lt;input type=&quot;submit&quot; value=&quot;Login&quot; class=&quot;_btn_04&quot; id=&quot;…/&gt;
attempting click action
  waiting for element to be visible, enabled and stable
    forcing action
  element is visible, enabled and stable
  scrolling into view if needed
  done scrolling
  performing click action
  click action done
  waiting for scheduled navigations to finish
============================================================
  name=&#039;TimeoutError
  stack=&#039;TimeoutError: Timeout 30000ms exceeded.
=========================== logs ===========================
waiting for selector &quot;#LoginFlairdocs_LoginButton&quot;
  selector resolved to visible &lt;input type=&quot;submit&quot; value=&quot;Login&quot; class=&quot;_btn_04&quot; id=&quot;…/&gt;
attempting click action
  waiting for element to be visible, enabled and stable
    forcing action
  element is visible, enabled and stable
  scrolling into view if needed
  done scrolling
  performing click action
  click action done
  waiting for scheduled navigations to finish
============================================================
    at ProgressController.run (C:\Users\Dell\AppData\Local\Temp\playwright-java-7915038927546018183\package\lib\server\progress.js:96:26)
    at Frame.click (C:\Users\Dell\AppData\Local\Temp\playwright-java-7915038927546018183\package\lib\server\frames.js:1197:23)
    at FrameDispatcher.click (C:\Users\Dell\AppData\Local\Temp\playwright-java-7915038927546018183\package\lib\server\dispatchers\frameDispatcher.js:173:30)
    at DispatcherConnection.dispatch (C:\Users\Dell\AppData\Local\Temp\playwright-java-7915038927546018183\package\lib\server\dispatchers\dispatcher.js:397:46)
}" type="com.microsoft.playwright.TimeoutError">
      <![CDATA[com.microsoft.playwright.TimeoutError: Error {
  message='Timeout 30000ms exceeded.
=========================== logs ===========================
waiting for selector "#LoginFlairdocs_LoginButton"
  selector resolved to visible <input type="submit" value="Login" class="_btn_04" id="…/>
attempting click action
  waiting for element to be visible, enabled and stable
    forcing action
  element is visible, enabled and stable
  scrolling into view if needed
  done scrolling
  performing click action
  click action done
  waiting for scheduled navigations to finish
============================================================
  name='TimeoutError
  stack='TimeoutError: Timeout 30000ms exceeded.
=========================== logs ===========================
waiting for selector "#LoginFlairdocs_LoginButton"
  selector resolved to visible <input type="submit" value="Login" class="_btn_04" id="…/>
attempting click action
  waiting for element to be visible, enabled and stable
    forcing action
  element is visible, enabled and stable
  scrolling into view if needed
  done scrolling
  performing click action
  click action done
  waiting for scheduled navigations to finish
============================================================
    at ProgressController.run (C:\Users\Dell\AppData\Local\Temp\playwright-java-7915038927546018183\package\lib\server\progress.js:96:26)
    at Frame.click (C:\Users\Dell\AppData\Local\Temp\playwright-java-7915038927546018183\package\lib\server\frames.js:1197:23)
    at FrameDispatcher.click (C:\Users\Dell\AppData\Local\Temp\playwright-java-7915038927546018183\package\lib\server\dispatchers\frameDispatcher.js:173:30)
    at DispatcherConnection.dispatch (C:\Users\Dell\AppData\Local\Temp\playwright-java-7915038927546018183\package\lib\server\dispatchers\dispatcher.js:397:46)
}
at com.microsoft.playwright.impl.WaitableResult.get(WaitableResult.java:52)
at com.microsoft.playwright.impl.ChannelOwner.runUntil(ChannelOwner.java:109)
at com.microsoft.playwright.impl.Connection.sendMessage(Connection.java:108)
at com.microsoft.playwright.impl.ChannelOwner.sendMessage(ChannelOwner.java:100)
at com.microsoft.playwright.impl.FrameImpl.clickImpl(FrameImpl.java:255)
at com.microsoft.playwright.impl.PageImpl.lambda$click$17(PageImpl.java:626)
at com.microsoft.playwright.impl.LoggingSupport.lambda$withLogging$0(LoggingSupport.java:36)
at com.microsoft.playwright.impl.LoggingSupport.withLogging(LoggingSupport.java:47)
at com.microsoft.playwright.impl.ChannelOwner.withLogging(ChannelOwner.java:85)
at com.microsoft.playwright.impl.LoggingSupport.withLogging(LoggingSupport.java:35)
at com.microsoft.playwright.impl.PageImpl.click(PageImpl.java:625)
at base.BaseTest.login(BaseTest.java:231)
at base.BaseTest.setup(BaseTest.java:125)
at java.base/jdk.internal.reflect.NativeMethodAccessorImpl.invoke0(Native Method)
at java.base/jdk.internal.reflect.NativeMethodAccessorImpl.invoke(NativeMethodAccessorImpl.java:77)
at java.base/jdk.internal.reflect.DelegatingMethodAccessorImpl.invoke(DelegatingMethodAccessorImpl.java:43)
at java.base/java.lang.reflect.Method.invoke(Method.java:568)
at org.testng.internal.MethodInvocationHelper.invokeMethod(MethodInvocationHelper.java:124)
at org.testng.internal.MethodInvocationHelper.invokeMethodConsideringTimeout(MethodInvocationHelper.java:59)
at org.testng.internal.Invoker.invokeConfigurationMethod(Invoker.java:458)
at org.testng.internal.Invoker.invokeConfigurations(Invoker.java:222)
at org.testng.internal.Invoker.invokeConfigurations(Invoker.java:142)
at org.testng.SuiteRunner.privateRun(SuiteRunner.java:401)
at org.testng.SuiteRunner.run(SuiteRunner.java:364)
at org.testng.SuiteRunnerWorker.runSuite(SuiteRunnerWorker.java:52)
at org.testng.SuiteRunnerWorker.run(SuiteRunnerWorker.java:84)
at org.testng.TestNG.runSuitesSequentially(TestNG.java:1208)
at org.testng.TestNG.runSuitesLocally(TestNG.java:1137)
at org.testng.TestNG.runSuites(TestNG.java:1049)
at org.testng.TestNG.run(TestNG.java:1017)
at org.apache.maven.surefire.testng.TestNGExecutor.run(TestNGExecutor.java:308)
at org.apache.maven.surefire.testng.TestNGXmlTestSuite.execute(TestNGXmlTestSuite.java:71)
at org.apache.maven.surefire.testng.TestNGProvider.invoke(TestNGProvider.java:113)
at org.apache.maven.surefire.booter.ForkedBooter.runSuitesInProcess(ForkedBooter.java:385)
at org.apache.maven.surefire.booter.ForkedBooter.execute(ForkedBooter.java:162)
at org.apache.maven.surefire.booter.ForkedBooter.run(ForkedBooter.java:507)
at org.apache.maven.surefire.booter.ForkedBooter.main(ForkedBooter.java:495)
Caused by: com.microsoft.playwright.TimeoutError: Error {
  message='Timeout 30000ms exceeded.
=========================== logs ===========================
waiting for selector "#LoginFlairdocs_LoginButton"
  selector resolved to visible <input type="submit" value="Login" class="_btn_04" id="…/>
attempting click action
  waiting for element to be visible, enabled and stable
    forcing action
  element is visible, enabled and stable
  scrolling into view if needed
  done scrolling
  performing click action
  click action done
  waiting for scheduled navigations to finish
============================================================
  name='TimeoutError
  stack='TimeoutError: Timeout 30000ms exceeded.
=========================== logs ===========================
waiting for selector "#LoginFlairdocs_LoginButton"
  selector resolved to visible <input type="submit" value="Login" class="_btn_04" id="…/>
attempting click action
  waiting for element to be visible, enabled and stable
    forcing action
  element is visible, enabled and stable
  scrolling into view if needed
  done scrolling
  performing click action
  click action done
  waiting for scheduled navigations to finish
============================================================
    at ProgressController.run (C:\Users\Dell\AppData\Local\Temp\playwright-java-7915038927546018183\package\lib\server\progress.js:96:26)
    at Frame.click (C:\Users\Dell\AppData\Local\Temp\playwright-java-7915038927546018183\package\lib\server\frames.js:1197:23)
    at FrameDispatcher.click (C:\Users\Dell\AppData\Local\Temp\playwright-java-7915038927546018183\package\lib\server\dispatchers\frameDispatcher.js:173:30)
    at DispatcherConnection.dispatch (C:\Users\Dell\AppData\Local\Temp\playwright-java-7915038927546018183\package\lib\server\dispatchers\dispatcher.js:397:46)
}
at com.microsoft.playwright.impl.Connection.dispatch(Connection.java:188)
at com.microsoft.playwright.impl.Connection.processOneMessage(Connection.java:170)
at com.microsoft.playwright.impl.ChannelOwner.runUntil(ChannelOwner.java:107)
... 35 more
]]>
    </error>
  </testcase> <!-- setup -->
  <testcase classname="testcases.FullUserJourneyTest" name="adminMenuNavigation" time="0.000">
    <skipped/>
  </testcase> <!-- adminMenuNavigation -->
  <testcase classname="testcases.FullUserJourneyTest" name="panelExpansion" time="0.000">
    <skipped/>
  </testcase> <!-- panelExpansion -->
  <testcase classname="testcases.FullUserJourneyTest" name="createNewFileAndCheckRow" time="0.000">
    <skipped/>
  </testcase> <!-- createNewFileAndCheckRow -->
  <testcase classname="testcases.FullUserJourneyTest" name="completeLoginAndTabSelection" time="0.000">
    <skipped/>
  </testcase> <!-- completeLoginAndTabSelection -->
  <testcase classname="testcases.FullUserJourneyTest" name="clickTopMenuItems" time="0.000">
    <skipped/>
  </testcase> <!-- clickTopMenuItems -->
  <testcase classname="testcases.FullUserJourneyTest" name="expandAndCollapseAllPanelsInAllTabs" time="0.000">
    <skipped/>
  </testcase> <!-- expandAndCollapseAllPanelsInAllTabs -->
  <testcase classname="testcases.FullUserJourneyTest" name="switchToDomain2AndSelectFirstFile" time="0.000">
    <skipped/>
  </testcase> <!-- switchToDomain2AndSelectFirstFile -->
  <testcase classname="testcases.FullUserJourneyTest" name="expandAndCollapsePanelsInAllTabsAfterFileSelection" time="0.000">
    <skipped/>
  </testcase> <!-- expandAndCollapsePanelsInAllTabsAfterFileSelection -->
  <testcase classname="testcases.FullUserJourneyTest" name="openAndCloseCreateNewFilePopup" time="0.000">
    <skipped/>
  </testcase> <!-- openAndCloseCreateNewFilePopup -->
  <testcase classname="testcases.FullUserJourneyTest" name="openAndCloseCreateNewProjectPopup" time="0.000">
    <skipped/>
  </testcase> <!-- openAndCloseCreateNewProjectPopup -->
  <testcase classname="testcases.FullUserJourneyTest" name="loginAndOpenClosePanels">
    <skipped/>
  </testcase> <!-- loginAndOpenClosePanels -->
</testsuite> <!-- testcases.FullUserJourneyTest -->
